<?xml version="1.0" encoding="UTF-8"?>
<!-- Generated by org.testng.reporters.JUnitReportReporter -->
<testsuite hostname="DESKTOP-OO0RRP4" failures="0" tests="2" name="test.TestClass1" time="0.018" errors="0" timestamp="2021-05-20T07:43:31 PDT" skipped="0">
  <testcase classname="test.TestClass1" name="test1" time="0.016"/>
  <system-out/>
  <testcase classname="test.TestClass1" name="test2" time="0.002"/>
  <system-out/>
</testsuite> <!-- test.TestClass1 -->
