<?xml version="1.0" encoding="UTF-8"?>
<!-- Generated by org.testng.reporters.JUnitReportReporter -->
<testsuite hostname="DESKTOP-OO0RRP4" failures="0" tests="3" name="test.TestClass3" time="0.017" errors="0" timestamp="2021-05-20T08:01:44 PDT" skipped="0">
  <testcase classname="test.TestClass3" name="test5" time="0.002"/>
  <system-out/>
  <testcase classname="test.TestClass3" name="test5" time="0.013"/>
  <system-out/>
  <testcase classname="test.TestClass3" name="test5" time="0.002"/>
  <system-out/>
</testsuite> <!-- test.TestClass3 -->
